
Gurobi 9.1.1 (win64) logging started Wed Jun 16 01:08:34 2021

Academic license - for non-commercial use only - expires 2021-08-11
Using license file C:\Users\Keleron\gurobi.lic
Using gurobi.env file
Set parameter LogFile to value file.log
Warning: linear constraint 0 and linear constraint 1 have the same name "Articulo-una-sola-vez"
Warning: quadratic constraint 0 and quadratic constraint 1 have the same name "avoid-personal-conflicts"
Warning: general constraint 0 and general constraint 1 have the same name "author-asistance"
Gurobi Optimizer version 9.1.1 build v9.1.1rc0 (win64)
Thread count: 4 physical cores, 8 logical processors, using up to 8 threads
Optimize a model with 2563 rows, 8529 columns and 12834 nonzeros
Model fingerprint: 0x7ef9a98d
Model has 3279 quadratic constraints
Model has 6968 general constraints
Variable types: 0 continuous, 8529 integer (8528 binary)
Coefficient statistics:
  Matrix range     [1e+00, 1e+00]
  QMatrix range    [1e+00, 1e+00]
  Objective range  [1e+00, 1e+00]
  Bounds range     [1e+00, 1e+00]
  RHS range        [1e+00, 2e+00]
  QRHS range       [1e+00, 1e+00]
Presolve added 359 rows and 0 columns
Presolve removed 0 rows and 4674 columns
Presolve time: 0.28s
Presolved: 91871 rows, 92125 columns, 366769 nonzeros
Variable types: 0 continuous, 92125 integer (92125 binary)
Found heuristic solution: objective 0.0000000

Explored 1 nodes (0 simplex iterations) in 0.83 seconds
Thread count was 8 (of 8 available processors)

Solution count 1: 0 

Optimal solution found (tolerance 1.00e-04)
Best objective 0.000000000000e+00, best bound 0.000000000000e+00, gap 0.0000%

Gurobi 9.1.1 (win64) logging started Wed Jun 16 01:09:06 2021

Academic license - for non-commercial use only - expires 2021-08-11
Using license file C:\Users\Keleron\gurobi.lic
Using gurobi.env file
Set parameter LogFile to value file.log
Warning: linear constraint 0 and linear constraint 1 have the same name "Articulo-una-sola-vez"
Warning: quadratic constraint 0 and quadratic constraint 1 have the same name "avoid-personal-conflicts"
Warning: general constraint 0 and general constraint 1 have the same name "author-asistance"
Gurobi Optimizer version 9.1.1 build v9.1.1rc0 (win64)
Thread count: 4 physical cores, 8 logical processors, using up to 8 threads
Optimize a model with 2563 rows, 8529 columns and 12834 nonzeros
Model fingerprint: 0x7ef9a98d
Model has 3279 quadratic constraints
Model has 6968 general constraints
Variable types: 0 continuous, 8529 integer (8528 binary)
Coefficient statistics:
  Matrix range     [1e+00, 1e+00]
  QMatrix range    [1e+00, 1e+00]
  Objective range  [1e+00, 1e+00]
  Bounds range     [1e+00, 1e+00]
  RHS range        [1e+00, 2e+00]
  QRHS range       [1e+00, 1e+00]
Presolve added 359 rows and 0 columns
Presolve removed 0 rows and 4674 columns
Presolve time: 0.25s
Presolved: 91871 rows, 92125 columns, 366769 nonzeros
Variable types: 0 continuous, 92125 integer (92125 binary)
Found heuristic solution: objective 0.0000000

Explored 1 nodes (0 simplex iterations) in 0.74 seconds
Thread count was 8 (of 8 available processors)

Solution count 1: 0 

Optimal solution found (tolerance 1.00e-04)
Best objective 0.000000000000e+00, best bound 0.000000000000e+00, gap 0.0000%

Gurobi 9.1.1 (win64) logging started Wed Jun 16 01:10:04 2021

Academic license - for non-commercial use only - expires 2021-08-11
Using license file C:\Users\Keleron\gurobi.lic
Using gurobi.env file
Set parameter LogFile to value file.log
Set parameter LogToConsole to value 0
Warning: linear constraint 0 and linear constraint 1 have the same name "Articulo-una-sola-vez"
Warning: quadratic constraint 0 and quadratic constraint 1 have the same name "avoid-personal-conflicts"
Warning: general constraint 0 and general constraint 1 have the same name "author-asistance"
Gurobi Optimizer version 9.1.1 build v9.1.1rc0 (win64)
Thread count: 4 physical cores, 8 logical processors, using up to 8 threads
Optimize a model with 2563 rows, 8529 columns and 12834 nonzeros
Model fingerprint: 0x7ef9a98d
Model has 3279 quadratic constraints
Model has 6968 general constraints
Variable types: 0 continuous, 8529 integer (8528 binary)
Coefficient statistics:
  Matrix range     [1e+00, 1e+00]
  QMatrix range    [1e+00, 1e+00]
  Objective range  [1e+00, 1e+00]
  Bounds range     [1e+00, 1e+00]
  RHS range        [1e+00, 2e+00]
  QRHS range       [1e+00, 1e+00]
Presolve added 359 rows and 0 columns
Presolve removed 0 rows and 4674 columns
Presolve time: 0.27s
Presolved: 91871 rows, 92125 columns, 366769 nonzeros
Variable types: 0 continuous, 92125 integer (92125 binary)
Found heuristic solution: objective 0.0000000

Explored 1 nodes (0 simplex iterations) in 0.93 seconds
Thread count was 8 (of 8 available processors)

Solution count 1: 0 

Optimal solution found (tolerance 1.00e-04)
Best objective 0.000000000000e+00, best bound 0.000000000000e+00, gap 0.0000%

Gurobi 9.1.1 (win64) logging started Wed Jun 16 01:10:24 2021

Academic license - for non-commercial use only - expires 2021-08-11
Using license file C:\Users\Keleron\gurobi.lic
Using gurobi.env file
Set parameter LogFile to value file.log
Set parameter LogToConsole to value 0
Warning: linear constraint 0 and linear constraint 1 have the same name "Articulo-una-sola-vez"
Warning: quadratic constraint 0 and quadratic constraint 1 have the same name "avoid-personal-conflicts"
Warning: general constraint 0 and general constraint 1 have the same name "author-asistance"
Gurobi Optimizer version 9.1.1 build v9.1.1rc0 (win64)
Thread count: 4 physical cores, 8 logical processors, using up to 8 threads
Optimize a model with 2563 rows, 8529 columns and 12834 nonzeros
Model fingerprint: 0x7ef9a98d
Model has 3279 quadratic constraints
Model has 6968 general constraints
Variable types: 0 continuous, 8529 integer (8528 binary)
Coefficient statistics:
  Matrix range     [1e+00, 1e+00]
  QMatrix range    [1e+00, 1e+00]
  Objective range  [1e+00, 1e+00]
  Bounds range     [1e+00, 1e+00]
  RHS range        [1e+00, 2e+00]
  QRHS range       [1e+00, 1e+00]
Presolve added 359 rows and 0 columns
Presolve removed 0 rows and 4674 columns
Presolve time: 0.24s
Presolved: 91871 rows, 92125 columns, 366769 nonzeros
Variable types: 0 continuous, 92125 integer (92125 binary)
Found heuristic solution: objective 0.0000000

Explored 1 nodes (0 simplex iterations) in 0.75 seconds
Thread count was 8 (of 8 available processors)

Solution count 1: 0 

Optimal solution found (tolerance 1.00e-04)
Best objective 0.000000000000e+00, best bound 0.000000000000e+00, gap 0.0000%

Gurobi 9.1.1 (win64) logging started Wed Jun 16 01:15:02 2021

Academic license - for non-commercial use only - expires 2021-08-11
Using license file C:\Users\Keleron\gurobi.lic
Using gurobi.env file
Set parameter LogFile to value file.log
Set parameter LogToConsole to value 0
Warning: linear constraint 0 and linear constraint 1 have the same name "Articulo-una-sola-vez"
Warning: quadratic constraint 0 and quadratic constraint 1 have the same name "avoid-personal-conflicts"
Warning: general constraint 0 and general constraint 1 have the same name "author-asistance"
Gurobi Optimizer version 9.1.1 build v9.1.1rc0 (win64)
Thread count: 4 physical cores, 8 logical processors, using up to 8 threads
Optimize a model with 2563 rows, 8529 columns and 12834 nonzeros
Model fingerprint: 0x7ef9a98d
Model has 3279 quadratic constraints
Model has 6968 general constraints
Variable types: 0 continuous, 8529 integer (8528 binary)
Coefficient statistics:
  Matrix range     [1e+00, 1e+00]
  QMatrix range    [1e+00, 1e+00]
  Objective range  [1e+00, 1e+00]
  Bounds range     [1e+00, 1e+00]
  RHS range        [1e+00, 2e+00]
  QRHS range       [1e+00, 1e+00]
Presolve added 359 rows and 0 columns
Presolve removed 0 rows and 4674 columns
Presolve time: 0.25s
Presolved: 91871 rows, 92125 columns, 366769 nonzeros
Variable types: 0 continuous, 92125 integer (92125 binary)
Found heuristic solution: objective 0.0000000

Explored 1 nodes (0 simplex iterations) in 0.75 seconds
Thread count was 8 (of 8 available processors)

Solution count 1: 0 

Optimal solution found (tolerance 1.00e-04)
Best objective 0.000000000000e+00, best bound 0.000000000000e+00, gap 0.0000%

Gurobi 9.1.1 (win64) logging started Wed Jun 16 01:28:54 2021

Academic license - for non-commercial use only - expires 2021-08-11
Using license file C:\Users\Keleron\gurobi.lic
Using gurobi.env file
Set parameter LogFile to value file.log
Set parameter LogToConsole to value 0
Warning: linear constraint 0 and linear constraint 1 have the same name "Articulo-una-sola-vez"
Warning: quadratic constraint 0 and quadratic constraint 1 have the same name "avoid-personal-conflicts"
Warning: general constraint 0 and general constraint 1 have the same name "author-asistance"
Gurobi Optimizer version 9.1.1 build v9.1.1rc0 (win64)
Thread count: 4 physical cores, 8 logical processors, using up to 8 threads
Optimize a model with 2563 rows, 8529 columns and 12834 nonzeros
Model fingerprint: 0x7ef9a98d
Model has 3279 quadratic constraints
Model has 6968 general constraints
Variable types: 0 continuous, 8529 integer (8528 binary)
Coefficient statistics:
  Matrix range     [1e+00, 1e+00]
  QMatrix range    [1e+00, 1e+00]
  Objective range  [1e+00, 1e+00]
  Bounds range     [1e+00, 1e+00]
  RHS range        [1e+00, 2e+00]
  QRHS range       [1e+00, 1e+00]
Presolve added 359 rows and 0 columns
Presolve removed 0 rows and 4674 columns
Presolve time: 0.25s
Presolved: 91871 rows, 92125 columns, 366769 nonzeros
Variable types: 0 continuous, 92125 integer (92125 binary)
Found heuristic solution: objective 0.0000000

Explored 1 nodes (0 simplex iterations) in 0.83 seconds
Thread count was 8 (of 8 available processors)

Solution count 1: 0 

Optimal solution found (tolerance 1.00e-04)
Best objective 0.000000000000e+00, best bound 0.000000000000e+00, gap 0.0000%

Gurobi 9.1.1 (win64) logging started Wed Jun 16 01:32:09 2021

Academic license - for non-commercial use only - expires 2021-08-11
Using license file C:\Users\Keleron\gurobi.lic
Using gurobi.env file
Set parameter LogFile to value file.log
Set parameter LogToConsole to value 0

Gurobi 9.1.1 (win64) logging started Wed Jun 16 01:32:27 2021

Academic license - for non-commercial use only - expires 2021-08-11
Using license file C:\Users\Keleron\gurobi.lic
Using gurobi.env file
Set parameter LogFile to value file.log
Set parameter LogToConsole to value 0

Gurobi 9.1.1 (win64) logging started Wed Jun 16 01:32:44 2021

Academic license - for non-commercial use only - expires 2021-08-11
Using license file C:\Users\Keleron\gurobi.lic
Using gurobi.env file
Set parameter LogFile to value file.log
Set parameter LogToConsole to value 0
Warning: linear constraint 0 and linear constraint 1 have the same name "Articulo-una-sola-vez"
Warning: quadratic constraint 0 and quadratic constraint 1 have the same name "avoid-personal-conflicts"
Warning: general constraint 0 and general constraint 1 have the same name "author-asistance"
Gurobi Optimizer version 9.1.1 build v9.1.1rc0 (win64)
Thread count: 4 physical cores, 8 logical processors, using up to 8 threads
Optimize a model with 2564 rows, 8529 columns and 12952 nonzeros
Model fingerprint: 0xaad0f97b
Model has 3279 quadratic constraints
Model has 6968 general constraints
Variable types: 0 continuous, 8529 integer (8528 binary)
Coefficient statistics:
  Matrix range     [1e+00, 1e+01]
  QMatrix range    [1e+00, 1e+00]
  Objective range  [1e+00, 1e+00]
  Bounds range     [1e+00, 1e+00]
  RHS range        [1e+00, 2e+00]
  QRHS range       [1e+00, 1e+00]
Presolve added 358 rows and 0 columns
Presolve removed 0 rows and 4674 columns
Presolve time: 0.29s
Presolved: 91871 rows, 92125 columns, 366769 nonzeros
Variable types: 0 continuous, 92125 integer (92125 binary)
Found heuristic solution: objective 14.0000000

Root relaxation: objective 0.000000e+00, 1754 iterations, 0.15 seconds

    Nodes    |    Current Node    |     Objective Bounds      |     Work
 Expl Unexpl |  Obj  Depth IntInf | Incumbent    BestBd   Gap | It/Node Time

     0     0    0.00000    0  373   14.00000    0.00000   100%     -    1s
H    0     0                       5.0000000    0.00000   100%     -    1s
H    0     0                       3.0000000    0.00000   100%     -    4s
H    0     0                       0.0000000    0.00000  0.00%     -    4s
     0     0    0.00000    0  924    0.00000    0.00000  0.00%     -    4s

Cutting planes:
  Gomory: 8
  MIR: 831
  Zero half: 29
  RLT: 818

Explored 1 nodes (7656 simplex iterations) in 4.14 seconds
Thread count was 8 (of 8 available processors)

Solution count 4: 0 3 5 14 

Optimal solution found (tolerance 1.00e-04)
Best objective 0.000000000000e+00, best bound 0.000000000000e+00, gap 0.0000%

Gurobi 9.1.1 (win64) logging started Wed Jun 16 01:34:40 2021

Academic license - for non-commercial use only - expires 2021-08-11
Using license file C:\Users\Keleron\gurobi.lic
Using gurobi.env file
Set parameter LogFile to value file.log
Set parameter LogToConsole to value 0
Warning: linear constraint 0 and linear constraint 1 have the same name "Articulo-una-sola-vez"
Warning: quadratic constraint 0 and quadratic constraint 1 have the same name "avoid-personal-conflicts"
Warning: general constraint 0 and general constraint 1 have the same name "author-asistance"
Gurobi Optimizer version 9.1.1 build v9.1.1rc0 (win64)
Thread count: 4 physical cores, 8 logical processors, using up to 8 threads
Optimize a model with 2564 rows, 8529 columns and 12952 nonzeros
Model fingerprint: 0xaad0f97b
Model has 3279 quadratic constraints
Model has 6968 general constraints
Variable types: 0 continuous, 8529 integer (8528 binary)
Coefficient statistics:
  Matrix range     [1e+00, 1e+01]
  QMatrix range    [1e+00, 1e+00]
  Objective range  [1e+00, 1e+00]
  Bounds range     [1e+00, 1e+00]
  RHS range        [1e+00, 2e+00]
  QRHS range       [1e+00, 1e+00]
Presolve added 358 rows and 0 columns
Presolve removed 0 rows and 4674 columns
Presolve time: 0.25s
Presolved: 91871 rows, 92125 columns, 366769 nonzeros
Variable types: 0 continuous, 92125 integer (92125 binary)
Found heuristic solution: objective 14.0000000

Root relaxation: objective 0.000000e+00, 1754 iterations, 0.15 seconds

    Nodes    |    Current Node    |     Objective Bounds      |     Work
 Expl Unexpl |  Obj  Depth IntInf | Incumbent    BestBd   Gap | It/Node Time

     0     0    0.00000    0  373   14.00000    0.00000   100%     -    1s
H    0     0                       5.0000000    0.00000   100%     -    1s
H    0     0                       3.0000000    0.00000   100%     -    3s
H    0     0                       0.0000000    0.00000  0.00%     -    3s
     0     0    0.00000    0  924    0.00000    0.00000  0.00%     -    3s

Cutting planes:
  Gomory: 8
  MIR: 831
  Zero half: 29
  RLT: 818

Explored 1 nodes (7656 simplex iterations) in 3.98 seconds
Thread count was 8 (of 8 available processors)

Solution count 4: 0 3 5 14 

Optimal solution found (tolerance 1.00e-04)
Best objective 0.000000000000e+00, best bound 0.000000000000e+00, gap 0.0000%

Gurobi 9.1.1 (win64) logging started Wed Jun 16 01:36:25 2021

Academic license - for non-commercial use only - expires 2021-08-11
Using license file C:\Users\Keleron\gurobi.lic
Using gurobi.env file
Set parameter LogFile to value file.log
Set parameter LogToConsole to value 0
Warning: linear constraint 0 and linear constraint 1 have the same name "Articulo-una-sola-vez"
Warning: quadratic constraint 0 and quadratic constraint 1 have the same name "avoid-personal-conflicts"
Warning: general constraint 0 and general constraint 1 have the same name "author-asistance"
Gurobi Optimizer version 9.1.1 build v9.1.1rc0 (win64)
Thread count: 4 physical cores, 8 logical processors, using up to 8 threads
Optimize a model with 2564 rows, 8529 columns and 12952 nonzeros
Model fingerprint: 0xaad0f97b
Model has 3279 quadratic constraints
Model has 6968 general constraints
Variable types: 0 continuous, 8529 integer (8528 binary)
Coefficient statistics:
  Matrix range     [1e+00, 1e+01]
  QMatrix range    [1e+00, 1e+00]
  Objective range  [1e+00, 1e+00]
  Bounds range     [1e+00, 1e+00]
  RHS range        [1e+00, 2e+00]
  QRHS range       [1e+00, 1e+00]
Presolve added 358 rows and 0 columns
Presolve removed 0 rows and 4674 columns
Presolve time: 0.26s
Presolved: 91871 rows, 92125 columns, 366769 nonzeros
Variable types: 0 continuous, 92125 integer (92125 binary)
Found heuristic solution: objective 14.0000000

Root relaxation: objective 0.000000e+00, 1754 iterations, 0.16 seconds

    Nodes    |    Current Node    |     Objective Bounds      |     Work
 Expl Unexpl |  Obj  Depth IntInf | Incumbent    BestBd   Gap | It/Node Time

     0     0    0.00000    0  373   14.00000    0.00000   100%     -    1s
H    0     0                       5.0000000    0.00000   100%     -    1s
H    0     0                       3.0000000    0.00000   100%     -    2s
H    0     0                       0.0000000    0.00000  0.00%     -    2s
     0     0    0.00000    0  924    0.00000    0.00000  0.00%     -    2s

Cutting planes:
  Gomory: 8
  MIR: 831
  Zero half: 29
  RLT: 818

Explored 1 nodes (7656 simplex iterations) in 2.34 seconds
Thread count was 8 (of 8 available processors)

Solution count 4: 0 3 5 14 

Optimal solution found (tolerance 1.00e-04)
Best objective 0.000000000000e+00, best bound 0.000000000000e+00, gap 0.0000%

Gurobi 9.1.1 (win64) logging started Wed Jun 16 01:37:10 2021

Academic license - for non-commercial use only - expires 2021-08-11
Using license file C:\Users\Keleron\gurobi.lic
Using gurobi.env file
Set parameter LogFile to value file.log
Set parameter LogToConsole to value 0
Warning: linear constraint 0 and linear constraint 1 have the same name "Articulo-una-sola-vez"
Warning: quadratic constraint 0 and quadratic constraint 1 have the same name "avoid-personal-conflicts"
Warning: general constraint 0 and general constraint 1 have the same name "author-asistance"
Gurobi Optimizer version 9.1.1 build v9.1.1rc0 (win64)
Thread count: 4 physical cores, 8 logical processors, using up to 8 threads
Optimize a model with 2564 rows, 8529 columns and 12952 nonzeros
Model fingerprint: 0xaad0f97b
Model has 3279 quadratic constraints
Model has 6968 general constraints
Variable types: 0 continuous, 8529 integer (8528 binary)
Coefficient statistics:
  Matrix range     [1e+00, 1e+01]
  QMatrix range    [1e+00, 1e+00]
  Objective range  [1e+00, 1e+00]
  Bounds range     [1e+00, 1e+00]
  RHS range        [1e+00, 2e+00]
  QRHS range       [1e+00, 1e+00]
Presolve added 358 rows and 0 columns
Presolve removed 0 rows and 4674 columns
Presolve time: 0.25s
Presolved: 91871 rows, 92125 columns, 366769 nonzeros
Variable types: 0 continuous, 92125 integer (92125 binary)
Found heuristic solution: objective 14.0000000

Root relaxation: objective 0.000000e+00, 1754 iterations, 0.15 seconds

    Nodes    |    Current Node    |     Objective Bounds      |     Work
 Expl Unexpl |  Obj  Depth IntInf | Incumbent    BestBd   Gap | It/Node Time

     0     0    0.00000    0  373   14.00000    0.00000   100%     -    1s
H    0     0                       5.0000000    0.00000   100%     -    1s
H    0     0                       3.0000000    0.00000   100%     -    4s
H    0     0                       0.0000000    0.00000  0.00%     -    4s
     0     0    0.00000    0  924    0.00000    0.00000  0.00%     -    4s

Cutting planes:
  Gomory: 8
  MIR: 831
  Zero half: 29
  RLT: 818

Explored 1 nodes (7656 simplex iterations) in 4.22 seconds
Thread count was 8 (of 8 available processors)

Solution count 4: 0 3 5 14 

Optimal solution found (tolerance 1.00e-04)
Best objective 0.000000000000e+00, best bound 0.000000000000e+00, gap 0.0000%

Gurobi 9.1.1 (win64) logging started Wed Jun 16 01:40:49 2021

Academic license - for non-commercial use only - expires 2021-08-11
Using license file C:\Users\Keleron\gurobi.lic
Using gurobi.env file
Set parameter LogFile to value file.log
Warning: linear constraint 0 and linear constraint 1 have the same name "Articulo-una-sola-vez"
Warning: quadratic constraint 0 and quadratic constraint 1 have the same name "avoid-personal-conflicts"
Warning: general constraint 0 and general constraint 1 have the same name "author-asistance"
Gurobi Optimizer version 9.1.1 build v9.1.1rc0 (win64)
Thread count: 4 physical cores, 8 logical processors, using up to 8 threads
Optimize a model with 2564 rows, 8529 columns and 12952 nonzeros
Model fingerprint: 0xaad0f97b
Model has 3279 quadratic constraints
Model has 6968 general constraints
Variable types: 0 continuous, 8529 integer (8528 binary)
Coefficient statistics:
  Matrix range     [1e+00, 1e+01]
  QMatrix range    [1e+00, 1e+00]
  Objective range  [1e+00, 1e+00]
  Bounds range     [1e+00, 1e+00]
  RHS range        [1e+00, 2e+00]
  QRHS range       [1e+00, 1e+00]
Presolve added 358 rows and 0 columns
Presolve removed 0 rows and 4674 columns
Presolve time: 0.27s
Presolved: 91871 rows, 92125 columns, 366769 nonzeros
Variable types: 0 continuous, 92125 integer (92125 binary)
Found heuristic solution: objective 14.0000000

Root relaxation: objective 0.000000e+00, 1754 iterations, 0.14 seconds

    Nodes    |    Current Node    |     Objective Bounds      |     Work
 Expl Unexpl |  Obj  Depth IntInf | Incumbent    BestBd   Gap | It/Node Time

     0     0    0.00000    0  373   14.00000    0.00000   100%     -    1s
H    0     0                       5.0000000    0.00000   100%     -    1s
H    0     0                       3.0000000    0.00000   100%     -    3s
H    0     0                       0.0000000    0.00000  0.00%     -    3s
     0     0    0.00000    0  924    0.00000    0.00000  0.00%     -    3s

Cutting planes:
  Gomory: 8
  MIR: 831
  Zero half: 29
  RLT: 818

Explored 1 nodes (7656 simplex iterations) in 3.56 seconds
Thread count was 8 (of 8 available processors)

Solution count 4: 0 3 5 14 

Optimal solution found (tolerance 1.00e-04)
Best objective 0.000000000000e+00, best bound 0.000000000000e+00, gap 0.0000%

Gurobi 9.1.1 (win64) logging started Wed Jun 16 01:42:00 2021

Academic license - for non-commercial use only - expires 2021-08-11
Using license file C:\Users\Keleron\gurobi.lic
Using gurobi.env file
Set parameter LogFile to value file.log
Warning: linear constraint 0 and linear constraint 1 have the same name "Articulo-una-sola-vez"
Warning: quadratic constraint 0 and quadratic constraint 1 have the same name "avoid-personal-conflicts"
Warning: general constraint 0 and general constraint 1 have the same name "author-asistance"
Gurobi Optimizer version 9.1.1 build v9.1.1rc0 (win64)
Thread count: 4 physical cores, 8 logical processors, using up to 8 threads
Optimize a model with 2564 rows, 8529 columns and 12952 nonzeros
Model fingerprint: 0xaad0f97b
Model has 3279 quadratic constraints
Model has 6968 general constraints
Variable types: 0 continuous, 8529 integer (8528 binary)
Coefficient statistics:
  Matrix range     [1e+00, 1e+01]
  QMatrix range    [1e+00, 1e+00]
  Objective range  [1e+00, 1e+00]
  Bounds range     [1e+00, 1e+00]
  RHS range        [1e+00, 2e+00]
  QRHS range       [1e+00, 1e+00]
Presolve added 358 rows and 0 columns
Presolve removed 0 rows and 4674 columns
Presolve time: 0.59s
Presolved: 91871 rows, 92125 columns, 366769 nonzeros
Variable types: 0 continuous, 92125 integer (92125 binary)
Found heuristic solution: objective 14.0000000

Root relaxation: objective 0.000000e+00, 1754 iterations, 0.27 seconds

    Nodes    |    Current Node    |     Objective Bounds      |     Work
 Expl Unexpl |  Obj  Depth IntInf | Incumbent    BestBd   Gap | It/Node Time

     0     0    0.00000    0  373   14.00000    0.00000   100%     -    2s
H    0     0                       5.0000000    0.00000   100%     -    2s
H    0     0                       3.0000000    0.00000   100%     -    3s
H    0     0                       0.0000000    0.00000  0.00%     -    3s
     0     0    0.00000    0  924    0.00000    0.00000  0.00%     -    3s

Cutting planes:
  Gomory: 8
  MIR: 831
  Zero half: 29
  RLT: 818

Explored 1 nodes (7656 simplex iterations) in 3.77 seconds
Thread count was 8 (of 8 available processors)

Solution count 4: 0 3 5 14 

Optimal solution found (tolerance 1.00e-04)
Best objective 0.000000000000e+00, best bound 0.000000000000e+00, gap 0.0000%

Gurobi 9.1.1 (win64) logging started Wed Jun 16 01:43:08 2021

Academic license - for non-commercial use only - expires 2021-08-11
Using license file C:\Users\Keleron\gurobi.lic
Using gurobi.env file
Set parameter LogFile to value file.log
Warning: linear constraint 0 and linear constraint 1 have the same name "Articulo-una-sola-vez"
Warning: quadratic constraint 0 and quadratic constraint 1 have the same name "avoid-personal-conflicts"
Warning: general constraint 0 and general constraint 1 have the same name "author-asistance"
Gurobi Optimizer version 9.1.1 build v9.1.1rc0 (win64)
Thread count: 4 physical cores, 8 logical processors, using up to 8 threads
Optimize a model with 2564 rows, 8529 columns and 13654 nonzeros
Model fingerprint: 0xb02a1433
Model has 3279 quadratic constraints
Model has 6968 general constraints
Variable types: 0 continuous, 8529 integer (8528 binary)
Coefficient statistics:
  Matrix range     [1e+00, 1e+01]
  QMatrix range    [1e+00, 1e+00]
  Objective range  [1e+00, 1e+00]
  Bounds range     [1e+00, 1e+00]
  RHS range        [1e+00, 2e+00]
  QRHS range       [1e+00, 1e+00]
Presolve added 358 rows and 0 columns
Presolve removed 0 rows and 4674 columns
Presolve time: 0.67s
Presolved: 91871 rows, 92125 columns, 366769 nonzeros
Variable types: 0 continuous, 92125 integer (92125 binary)
Found heuristic solution: objective 97.0000000

Root relaxation: objective 3.500000e+01, 1787 iterations, 0.22 seconds

    Nodes    |    Current Node    |     Objective Bounds      |     Work
 Expl Unexpl |  Obj  Depth IntInf | Incumbent    BestBd   Gap | It/Node Time

     0     0   35.00000    0  114   97.00000   35.00000  63.9%     -    2s
H    0     0                      37.0000000   35.00000  5.41%     -    2s
H    0     0                      35.0000000   35.00000  0.00%     -    2s
     0     0   35.00000    0  114   35.00000   35.00000  0.00%     -    2s

Explored 1 nodes (4859 simplex iterations) in 2.84 seconds
Thread count was 8 (of 8 available processors)

Solution count 3: 35 37 97 

Optimal solution found (tolerance 1.00e-04)
Best objective 3.500000000000e+01, best bound 3.500000000000e+01, gap 0.0000%

Gurobi 9.1.1 (win64) logging started Wed Jun 16 01:44:47 2021

Academic license - for non-commercial use only - expires 2021-08-11
Using license file C:\Users\Keleron\gurobi.lic
Using gurobi.env file
Set parameter LogFile to value file.log
Warning: linear constraint 0 and linear constraint 1 have the same name "Articulo-una-sola-vez"
Warning: quadratic constraint 0 and quadratic constraint 1 have the same name "avoid-personal-conflicts"
Warning: general constraint 0 and general constraint 1 have the same name "author-asistance"
Gurobi Optimizer version 9.1.1 build v9.1.1rc0 (win64)
Thread count: 4 physical cores, 8 logical processors, using up to 8 threads
Optimize a model with 30405 rows, 77692 columns and 138144 nonzeros
Model fingerprint: 0x8961b204
Model has 280943 quadratic constraints
Model has 53580 general constraints
Variable types: 0 continuous, 77692 integer (77691 binary)
Coefficient statistics:
  Matrix range     [1e+00, 7e+00]
  QMatrix range    [1e+00, 1e+00]
  Objective range  [1e+00, 1e+00]
  Bounds range     [1e+00, 1e+00]
  RHS range        [1e+00, 4e+00]
  QRHS range       [1e+00, 1e+00]
Presolve removed 339571 rows and 97555 columns (presolve time = 5s) ...
Presolve removed 1311 rows and 43837 columns
Presolve time: 8.71s
Presolved: 1518973 rows, 1519527 columns, 6259854 nonzeros
Variable types: 0 continuous, 1519527 integer (1519527 binary)

Deterministic concurrent LP optimizer: primal and dual simplex
Showing first log only...


Root simplex log...

Iteration    Objective       Primal Inf.    Dual Inf.      Time
       0    0.0000000e+00   1.100000e+02   2.458994e+09     25s
    2653    1.7814327e+01   5.324541e+01   1.398094e+10     25s
    7336    1.3576265e+02   2.570885e+00   1.011378e+10     30s
    9366    1.4002010e+02   0.000000e+00   1.028908e+05     35s
Concurrent spin time: 0.00s

Solved with dual simplex

Root relaxation: objective 1.320000e+02, 6372 iterations, 12.80 seconds
Total elapsed time = 37.03s
Total elapsed time = 48.28s

    Nodes    |    Current Node    |     Objective Bounds      |     Work
 Expl Unexpl |  Obj  Depth IntInf | Incumbent    BestBd   Gap | It/Node Time

     0     0  132.00000    0 1019          -  132.00000      -     -   59s
H    0     0                     132.0000000  132.00000  0.00%     -   60s
     0     0  132.00000    0 1019  132.00000  132.00000  0.00%     -   60s

Explored 1 nodes (24517 simplex iterations) in 60.83 seconds
Thread count was 8 (of 8 available processors)

Solution count 1: 132 

Optimal solution found (tolerance 1.00e-04)
Best objective 1.320000000000e+02, best bound 1.320000000000e+02, gap 0.0000%

Gurobi 9.1.1 (win64) logging started Wed Jun 16 01:57:55 2021

Academic license - for non-commercial use only - expires 2021-08-11
Using license file C:\Users\Keleron\gurobi.lic
Using gurobi.env file
Set parameter LogFile to value file.log
Warning: linear constraint 0 and linear constraint 1 have the same name "Articulo-una-sola-vez"
Warning: quadratic constraint 0 and quadratic constraint 1 have the same name "avoid-personal-conflicts"
Warning: general constraint 0 and general constraint 1 have the same name "author-asistance"
Gurobi Optimizer version 9.1.1 build v9.1.1rc0 (win64)
Thread count: 4 physical cores, 8 logical processors, using up to 8 threads
Optimize a model with 30405 rows, 77692 columns and 138200 nonzeros
Model fingerprint: 0x852bbd73
Model has 280943 quadratic constraints
Model has 53580 general constraints
Variable types: 0 continuous, 77692 integer (77691 binary)
Coefficient statistics:
  Matrix range     [1e+00, 9e+00]
  QMatrix range    [1e+00, 1e+00]
  Objective range  [1e+00, 1e+00]
  Bounds range     [1e+00, 1e+00]
  RHS range        [1e+00, 4e+00]
  QRHS range       [1e+00, 1e+00]
Presolve removed 339571 rows and 97555 columns (presolve time = 5s) ...
Presolve removed 1311 rows and 43837 columns
Presolve time: 7.90s
Presolved: 1518973 rows, 1519527 columns, 6259854 nonzeros
Variable types: 0 continuous, 1519527 integer (1519527 binary)

Deterministic concurrent LP optimizer: primal and dual simplex
Showing first log only...


Root simplex log...

Iteration    Objective       Primal Inf.    Dual Inf.      Time
       0    0.0000000e+00   1.020000e+02   2.627994e+09     25s
    1334    6.8829980e-01   7.469162e+01   1.279551e+10     25s
    5379    9.6236464e+01   1.798721e+01   4.226111e+09     30s
    8379    1.0631827e+02   1.508062e+00   6.263310e+09     35s
Concurrent spin time: 0.00s

Solved with dual simplex

Root relaxation: objective 6.500000e+01, 7581 iterations, 13.80 seconds
Total elapsed time = 37.14s
Total elapsed time = 58.61s

    Nodes    |    Current Node    |     Objective Bounds      |     Work
 Expl Unexpl |  Obj  Depth IntInf | Incumbent    BestBd   Gap | It/Node Time

     0     0   65.00000    0  954          -   65.00000      -     -   63s
H    0     0                      65.0000000   65.00000  0.00%     -   63s
     0     0   65.00000    0  954   65.00000   65.00000  0.00%     -   63s

Explored 1 nodes (23494 simplex iterations) in 65.13 seconds
Thread count was 8 (of 8 available processors)

Solution count 1: 65 

Optimal solution found (tolerance 1.00e-04)
Best objective 6.500000000000e+01, best bound 6.500000000000e+01, gap 0.0000%

Gurobi 9.1.1 (win64) logging started Wed Jun 16 02:06:03 2021

Academic license - for non-commercial use only - expires 2021-08-11
Using license file C:\Users\Keleron\gurobi.lic
Using gurobi.env file
Set parameter LogFile to value file.log
Warning: linear constraint 0 and linear constraint 1 have the same name "Articulo-una-sola-vez"
Warning: quadratic constraint 0 and quadratic constraint 1 have the same name "avoid-personal-conflicts"
Warning: general constraint 0 and general constraint 1 have the same name "author-asistance"
Gurobi Optimizer version 9.1.1 build v9.1.1rc0 (win64)
Thread count: 4 physical cores, 8 logical processors, using up to 8 threads
Optimize a model with 30405 rows, 77692 columns and 138200 nonzeros
Model fingerprint: 0x852bbd73
Model has 280943 quadratic constraints
Model has 53580 general constraints
Variable types: 0 continuous, 77692 integer (77691 binary)
Coefficient statistics:
  Matrix range     [1e+00, 9e+00]
  QMatrix range    [1e+00, 1e+00]
  Objective range  [1e+00, 1e+00]
  Bounds range     [1e+00, 1e+00]
  RHS range        [1e+00, 4e+00]
  QRHS range       [1e+00, 1e+00]
Presolve removed 339571 rows and 97555 columns (presolve time = 5s) ...
Presolve removed 1311 rows and 43837 columns
Presolve time: 7.92s
Presolved: 1518973 rows, 1519527 columns, 6259854 nonzeros
Variable types: 0 continuous, 1519527 integer (1519527 binary)

Deterministic concurrent LP optimizer: primal and dual simplex
Showing first log only...


Root simplex log...

Iteration    Objective       Primal Inf.    Dual Inf.      Time
       0    0.0000000e+00   1.020000e+02   2.627994e+09     17s
    6187    9.8856930e+01   8.176982e+00   3.206188e+09     20s
Concurrent spin time: 0.02s

Solved with dual simplex

Root relaxation: objective 6.500000e+01, 7581 iterations, 7.44 seconds
Total elapsed time = 24.03s
Total elapsed time = 33.69s

    Nodes    |    Current Node    |     Objective Bounds      |     Work
 Expl Unexpl |  Obj  Depth IntInf | Incumbent    BestBd   Gap | It/Node Time

     0     0   65.00000    0  954          -   65.00000      -     -   38s
H    0     0                      65.0000000   65.00000  0.00%     -   38s
     0     0   65.00000    0  954   65.00000   65.00000  0.00%     -   38s

Explored 1 nodes (23494 simplex iterations) in 39.84 seconds
Thread count was 8 (of 8 available processors)

Solution count 1: 65 

Optimal solution found (tolerance 1.00e-04)
Best objective 6.500000000000e+01, best bound 6.500000000000e+01, gap 0.0000%

Gurobi 9.1.1 (win64) logging started Wed Jun 16 10:02:43 2021

Academic license - for non-commercial use only - expires 2021-08-11
Using license file C:\Users\Keleron\gurobi.lic
Using gurobi.env file
Set parameter LogFile to value file.log
Warning: linear constraint 0 and linear constraint 1 have the same name "Articulo-una-sola-vez"
Warning: quadratic constraint 0 and quadratic constraint 1 have the same name "avoid-personal-conflicts"
Warning: general constraint 0 and general constraint 1 have the same name "author-asistance"
Gurobi Optimizer version 9.1.1 build v9.1.1rc0 (win64)
Thread count: 4 physical cores, 8 logical processors, using up to 8 threads
Optimize a model with 2564 rows, 8529 columns and 13731 nonzeros
Model fingerprint: 0x57255a84
Model has 3279 quadratic constraints
Model has 6968 general constraints
Variable types: 0 continuous, 8529 integer (8528 binary)
Coefficient statistics:
  Matrix range     [1e+00, 1e+01]
  QMatrix range    [1e+00, 1e+00]
  Objective range  [1e+00, 1e+00]
  Bounds range     [1e+00, 1e+00]
  RHS range        [1e+00, 2e+00]
  QRHS range       [1e+00, 1e+00]
Presolve added 358 rows and 0 columns
Presolve removed 0 rows and 4674 columns
Presolve time: 0.30s
Presolved: 91871 rows, 92125 columns, 366769 nonzeros
Variable types: 0 continuous, 92125 integer (92125 binary)
Found heuristic solution: objective 141.0000000

Root relaxation: objective 1.360000e+02, 1929 iterations, 0.20 seconds

    Nodes    |    Current Node    |     Objective Bounds      |     Work
 Expl Unexpl |  Obj  Depth IntInf | Incumbent    BestBd   Gap | It/Node Time

     0     0  136.00000    0  148  141.00000  136.00000  3.55%     -    2s
H    0     0                     136.0000000  136.00000  0.00%     -    2s
     0     0  136.00000    0  148  136.00000  136.00000  0.00%     -    2s

Explored 1 nodes (12071 simplex iterations) in 2.37 seconds
Thread count was 8 (of 8 available processors)

Solution count 2: 136 141 

Optimal solution found (tolerance 1.00e-04)
Best objective 1.360000000000e+02, best bound 1.360000000000e+02, gap 0.0000%

Gurobi 9.1.1 (win64) logging started Wed Jun 16 10:04:10 2021

Academic license - for non-commercial use only - expires 2021-08-11
Using license file C:\Users\Keleron\gurobi.lic
Using gurobi.env file
Set parameter LogFile to value file.log
Warning: linear constraint 0 and linear constraint 1 have the same name "Articulo-una-sola-vez"
Warning: quadratic constraint 0 and quadratic constraint 1 have the same name "avoid-personal-conflicts"
Warning: general constraint 0 and general constraint 1 have the same name "author-asistance"
Gurobi Optimizer version 9.1.1 build v9.1.1rc0 (win64)
Thread count: 4 physical cores, 8 logical processors, using up to 8 threads
Optimize a model with 15283 rows, 40223 columns and 69379 nonzeros
Model fingerprint: 0xe178cf82
Model has 19407 quadratic constraints
Model has 28016 general constraints
Variable types: 0 continuous, 40223 integer (40222 binary)
Coefficient statistics:
  Matrix range     [1e+00, 1e+01]
  QMatrix range    [1e+00, 1e+00]
  Objective range  [1e+00, 1e+00]
  Bounds range     [1e+00, 1e+00]
  RHS range        [1e+00, 4e+00]
  QRHS range       [1e+00, 1e+00]
Presolve removed 7668 rows and 22143 columns
Presolve time: 1.53s
Presolved: 640408 rows, 647786 columns, 2558924 nonzeros
Variable types: 0 continuous, 647786 integer (647783 binary)

Deterministic concurrent LP optimizer: primal and dual simplex
Showing first log only...


Root simplex log...

Iteration    Objective       Primal Inf.    Dual Inf.      Time
    2332    1.5188337e+01   3.595197e+01   3.572344e+09      5s
Concurrent spin time: 0.00s

Solved with dual simplex

Root relaxation: objective 7.200000e+01, 1802 iterations, 1.01 seconds
Total elapsed time = 5.63s

    Nodes    |    Current Node    |     Objective Bounds      |     Work
 Expl Unexpl |  Obj  Depth IntInf | Incumbent    BestBd   Gap | It/Node Time

     0     0   72.00000    0  591          -   72.00000      -     -    8s
H    0     0                      82.0000000   72.00000  12.2%     -    8s
     0     0   72.00000    0 1437   82.00000   72.00000  12.2%     -   11s
H    0     0                      73.0000000   72.00000  1.37%     -   11s
     0     0   72.00000    0 1312   73.00000   72.00000  1.37%     -   12s
     0     0   72.00000    0  369   73.00000   72.00000  1.37%     -   24s
H    0     0                      72.0000000   72.00000  0.00%     -   24s
     0     0   72.00000    0  367   72.00000   72.00000  0.00%     -   24s

Cutting planes:
  Cover: 1
  Clique: 8
  MIR: 615
  Zero half: 26
  RLT: 963
  Relax-and-lift: 2

Explored 1 nodes (45935 simplex iterations) in 24.93 seconds
Thread count was 8 (of 8 available processors)

Solution count 3: 72 73 82 

Optimal solution found (tolerance 1.00e-04)
Best objective 7.200000000000e+01, best bound 7.200000000000e+01, gap 0.0000%

Gurobi 9.1.1 (win64) logging started Wed Jun 16 10:18:47 2021

Academic license - for non-commercial use only - expires 2021-08-11
Using license file C:\Users\Keleron\gurobi.lic
Using gurobi.env file
Set parameter LogFile to value file.log
Warning: linear constraint 0 and linear constraint 1 have the same name "Articulo-una-sola-vez"
Warning: quadratic constraint 0 and quadratic constraint 1 have the same name "avoid-personal-conflicts"
Warning: general constraint 0 and general constraint 1 have the same name "author-asistance"
Gurobi Optimizer version 9.1.1 build v9.1.1rc0 (win64)
Thread count: 4 physical cores, 8 logical processors, using up to 8 threads
Optimize a model with 43533 rows, 96647 columns and 189951 nonzeros
Model fingerprint: 0x90b84737
Model has 117910 quadratic constraints
Model has 69000 general constraints
Variable types: 0 continuous, 96647 integer (96646 binary)
Coefficient statistics:
  Matrix range     [1e+00, 1e+01]
  QMatrix range    [1e+00, 1e+00]
  Objective range  [1e+00, 1e+00]
  Bounds range     [1e+00, 1e+00]
  RHS range        [1e+00, 5e+00]
  QRHS range       [1e+00, 1e+00]
Presolve removed 19025 rows and 56378 columns
Presolve time: 4.69s
Presolved: 1759318 rows, 1767569 columns, 7072833 nonzeros
Variable types: 0 continuous, 1767569 integer (1767566 binary)

Deterministic concurrent LP optimizer: primal and dual simplex
Showing first log only...


Root simplex log...

Iteration    Objective       Primal Inf.    Dual Inf.      Time
       0    0.0000000e+00   8.800000e+01   2.804987e+09     15s
Concurrent spin time: 0.00s

Solved with dual simplex

Root relaxation: objective 1.970000e+02, 4854 iterations, 4.19 seconds
Total elapsed time = 19.03s
Total elapsed time = 24.55s

    Nodes    |    Current Node    |     Objective Bounds      |     Work
 Expl Unexpl |  Obj  Depth IntInf | Incumbent    BestBd   Gap | It/Node Time

     0     0  197.00000    0  980          -  197.00000      -     -   25s
H    0     0                     198.0000000  197.00000  0.51%     -   26s
     0     0  197.00000    0 2247  198.00000  197.00000  0.51%     -   35s
     0     0  197.00000    0 2329  198.00000  197.00000  0.51%     -   42s
     0     0  197.00000    0  976  198.00000  197.00000  0.51%     -   86s
H    0     0                     197.0000000  197.00000  0.00%     -   86s
     0     0  197.00000    0  974  197.00000  197.00000  0.00%     -   86s

Cutting planes:
  Cover: 2
  Clique: 36
  MIR: 954
  Zero half: 9
  RLT: 1760
  Relax-and-lift: 1

Explored 1 nodes (69974 simplex iterations) in 86.91 seconds
Thread count was 8 (of 8 available processors)

Solution count 2: 197 198 

Optimal solution found (tolerance 1.00e-04)
Best objective 1.970000000000e+02, best bound 1.970000000000e+02, gap 0.0000%

Gurobi 9.1.1 (win64) logging started Wed Jun 16 10:27:25 2021

Academic license - for non-commercial use only - expires 2021-08-11
Using license file C:\Users\Keleron\gurobi.lic
Using gurobi.env file
Set parameter LogFile to value file.log
Warning: linear constraint 0 and linear constraint 1 have the same name "Articulo-una-sola-vez"
Warning: quadratic constraint 0 and quadratic constraint 1 have the same name "avoid-personal-conflicts"
Warning: general constraint 0 and general constraint 1 have the same name "author-asistance"
Gurobi Optimizer version 9.1.1 build v9.1.1rc0 (win64)
Thread count: 4 physical cores, 8 logical processors, using up to 8 threads
Optimize a model with 44258 rows, 96647 columns and 190496 nonzeros
Model fingerprint: 0x42160e2c
Model has 139760 quadratic constraints
Model has 71300 general constraints
Variable types: 0 continuous, 96647 integer (96646 binary)
Coefficient statistics:
  Matrix range     [1e+00, 1e+01]
  QMatrix range    [1e+00, 1e+00]
  Objective range  [1e+00, 1e+00]
  Bounds range     [1e+00, 1e+00]
  RHS range        [1e+00, 5e+00]
  QRHS range       [1e+00, 1e+00]
Presolve removed 229424 rows and 128639 columns (presolve time = 5s) ...
Presolve removed 17879 rows and 57109 columns
Presolve time: 5.25s
Presolved: 1719884 rows, 1725533 columns, 6925193 nonzeros
Variable types: 0 continuous, 1725533 integer (1725531 binary)

Deterministic concurrent LP optimizer: primal and dual simplex
Showing first log only...


Root simplex log...

Iteration    Objective       Primal Inf.    Dual Inf.      Time
       0    0.0000000e+00   9.900000e+01   2.743989e+09     14s
    4095    7.6248686e+01   5.538124e+01   3.449985e+09     15s
    7759    2.1178878e+02   1.113780e+01   1.466610e+10     20s
Concurrent spin time: 0.00s

Solved with dual simplex

Root relaxation: objective 1.640000e+02, 6963 iterations, 8.15 seconds
Total elapsed time = 22.01s
Total elapsed time = 29.10s

    Nodes    |    Current Node    |     Objective Bounds      |     Work
 Expl Unexpl |  Obj  Depth IntInf | Incumbent    BestBd   Gap | It/Node Time

     0     0  164.00000    0  990          -  164.00000      -     -   30s
     0     0  164.00000    0 1755          -  164.00000      -     -   41s
     0     0  164.00000    0 2410          -  164.00000      -     -   50s
     0     0  164.00000    0 1224          -  164.00000      -     -  129s
     0     0  164.00000    0 1519          -  164.00000      -     -  137s
     0     0  164.00000    0 1370          -  164.00000      -     -  204s
     0     0  164.00000    0 1988          -  164.00000      -     -  246s
     0     0  164.00000    0 1336          -  164.00000      -     -  332s
H    0     0                     223.0000000  164.00000  26.5%     -  332s
     0     0  164.00000    0 1335  223.00000  164.00000  26.5%     -  347s
     0     2  164.00000    0 1335  223.00000  164.00000  26.5%     -  387s
     1     4  164.00000    1 1315  223.00000  164.00000  26.5% 16559  393s
     3     8  164.00000    2 1241  223.00000  164.00000  26.5%  7754  406s
H    6     8                     192.0000000  164.00000  14.6%  6688  406s
     7    12  164.00000    3 1116  192.00000  164.00000  14.6%  6491  410s
    11    16  164.00000    3 1314  192.00000  164.00000  14.6%  5038  416s
H   13    16                     174.0000000  164.00000  5.75%  4541  416s
    19    24  164.00000    5 1097  174.00000  164.00000  5.75%  3534  420s
    27    32  164.00000    6 1101  174.00000  164.00000  5.75%  2681  427s
    35    43  164.00000    7 1031  174.00000  164.00000  5.75%  2220  445s
    42    61  164.00000    8 1955  174.00000  164.00000  5.75%  2588  457s
    60   108  164.00000   10 1521  174.00000  164.00000  5.75%  1975  491s
   107   319  164.00000   24  948  174.00000  164.00000  5.75%  1818  542s
H  139   319                     164.0000000  164.00000  0.00%  1498  542s

Cutting planes:
  Cover: 4
  Clique: 123
  MIR: 2686
  Zero half: 51
  RLT: 4313

Explored 324 nodes (515707 simplex iterations) in 542.31 seconds
Thread count was 8 (of 8 available processors)

Solution count 4: 164 174 192 223 

Optimal solution found (tolerance 1.00e-04)
Best objective 1.640000000000e+02, best bound 1.640000000000e+02, gap 0.0000%

Gurobi 9.1.1 (win64) logging started Wed Jun 16 11:38:56 2021

Academic license - for non-commercial use only - expires 2021-08-11
Using license file C:\Users\Keleron\gurobi.lic
Using gurobi.env file
Set parameter LogFile to value file.log
Warning: linear constraint 0 and linear constraint 1 have the same name "Articulo-una-sola-vez"
Warning: quadratic constraint 0 and quadratic constraint 1 have the same name "avoid-personal-conflicts"
Warning: general constraint 0 and general constraint 1 have the same name "author-asistance"
Gurobi Optimizer version 9.1.1 build v9.1.1rc0 (win64)
Thread count: 4 physical cores, 8 logical processors, using up to 8 threads
Optimize a model with 30911 rows, 77692 columns and 138853 nonzeros
Model fingerprint: 0x24567d7a
Model has 49327 quadratic constraints
Model has 54896 general constraints
Variable types: 0 continuous, 77692 integer (77691 binary)
Coefficient statistics:
  Matrix range     [1e+00, 2e+01]
  QMatrix range    [1e+00, 1e+00]
  Objective range  [1e+00, 1e+00]
  Bounds range     [1e+00, 1e+00]
  RHS range        [1e+00, 4e+00]
  QRHS range       [1e+00, 1e+00]
Presolve removed 17057 rows and 44167 columns
Presolve time: 3.55s
Presolved: 1599893 rows, 1615357 columns, 6414913 nonzeros
Variable types: 0 continuous, 1615357 integer (1615354 binary)

Deterministic concurrent LP optimizer: primal and dual simplex
Showing first log only...


Root simplex log...

Iteration    Objective       Primal Inf.    Dual Inf.      Time
       0    0.0000000e+00   9.300000e+01   3.138984e+09     11s
Concurrent spin time: 0.00s

Solved with dual simplex

Root relaxation: objective 1.490000e+02, 5156 iterations, 3.93 seconds
Total elapsed time = 14.71s
Total elapsed time = 19.90s

    Nodes    |    Current Node    |     Objective Bounds      |     Work
 Expl Unexpl |  Obj  Depth IntInf | Incumbent    BestBd   Gap | It/Node Time

     0     0  149.00000    0  967          -  149.00000      -     -   21s
     0     0  149.00000    0 1657          -  149.00000      -     -   29s
     0     0  149.00000    0 2129          -  149.00000      -     -   35s
     0     0  149.00000    0  978          -  149.00000      -     -   78s
     0     0  149.00000    0 1006          -  149.00000      -     -   80s
     0     0  149.00000    0 1209          -  149.00000      -     -  130s
     0     0  149.00000    0 1551          -  149.00000      -     -  147s
     0     0  149.00000    0 2409          -  149.00000      -     -  180s
     0     0  149.00000    0 1217          -  149.00000      -     -  210s
     0     2  149.00000    0 1215          -  149.00000      -     -  243s
     1     5  149.00000    1 1069          -  149.00000      - 12551  246s
     3     6 infeasible    2               -  149.00000      -  4343  256s
     7     6  149.00000    3 2031          -  149.00000      -  5106  268s
    11    10  149.00000    4 1442          -  149.00000      -  4164  284s
H   14    10                     156.0000000  149.00000  4.49%  3576  284s
    15    12 infeasible    4       156.00000  149.00000  4.49%  3975  293s
    19    14  149.00000    5 1479  156.00000  149.00000  4.49%  3713  303s
    23    18  149.00000    5 1436  156.00000  149.00000  4.49%  3159  310s
    27    22  149.00000    6 1436  156.00000  149.00000  4.49%  2798  322s
H   30    22                     152.0000000  149.00000  1.97%  2574  322s
    31    27  149.00000    6 2121  152.00000  149.00000  1.97%  2838  332s
    36    31  149.00000    6 1538  152.00000  149.00000  1.97%  2503  344s
    40    36  149.00000    7 1523  152.00000  149.00000  1.97%  2303  355s
    45    44  149.00000    8 1522  152.00000  149.00000  1.97%  2099  364s
    53    76  149.00000    8 1396  152.00000  149.00000  1.97%  1981  405s
H   64    76                     149.0000000  149.00000  0.00%  1874  405s

Cutting planes:
  Cover: 10
  Clique: 124
  MIR: 2366
  Zero half: 87
  RLT: 3689
  Relax-and-lift: 1

Explored 85 nodes (345731 simplex iterations) in 405.27 seconds
Thread count was 8 (of 8 available processors)

Solution count 3: 149 152 156 

Optimal solution found (tolerance 1.00e-04)
Best objective 1.490000000000e+02, best bound 1.490000000000e+02, gap 0.0000%

Gurobi 9.1.1 (win64) logging started Wed Jun 16 13:14:34 2021

Academic license - for non-commercial use only - expires 2021-08-11
Using license file C:\Users\Keleron\gurobi.lic
Using gurobi.env file
Set parameter LogFile to value file.log
Warning: linear constraint 0 and linear constraint 1 have the same name "Articulo-una-sola-vez"
Warning: quadratic constraint 0 and quadratic constraint 1 have the same name "avoid-person-mitosis"
Warning: general constraint 0 and general constraint 1 have the same name "author-asistance"
Gurobi Optimizer version 9.1.1 build v9.1.1rc0 (win64)
Thread count: 4 physical cores, 8 logical processors, using up to 8 threads
Optimize a model with 1461 rows, 4579 columns and 7027 nonzeros
Model fingerprint: 0xdd868ebf
Model has 460 quadratic constraints
Model has 3192 general constraints
Variable types: 0 continuous, 4579 integer (4578 binary)
Coefficient statistics:
  Matrix range     [1e+00, 1e+00]
  QMatrix range    [1e+00, 1e+00]
  Objective range  [1e+00, 1e+00]
  Bounds range     [1e+00, 1e+00]
  RHS range        [1e+00, 3e+00]
  QRHS range       [1e+00, 1e+00]
Presolve removed 457 rows and 2309 columns
Presolve time: 0.14s
Presolved: 27224 rows, 28030 columns, 107012 nonzeros
Variable types: 0 continuous, 28030 integer (28030 binary)
Found heuristic solution: objective 0.0000000

Explored 1 nodes (0 simplex iterations) in 0.42 seconds
Thread count was 8 (of 8 available processors)

Solution count 1: 0 

Optimal solution found (tolerance 1.00e-04)
Best objective 0.000000000000e+00, best bound 0.000000000000e+00, gap 0.0000%

Gurobi 9.1.1 (win64) logging started Wed Jun 16 13:19:04 2021

Academic license - for non-commercial use only - expires 2021-08-11
Using license file C:\Users\Keleron\gurobi.lic
Using gurobi.env file
Set parameter LogFile to value file.log
Warning: linear constraint 0 and linear constraint 1 have the same name "Articulo-una-sola-vez"
Warning: quadratic constraint 0 and quadratic constraint 1 have the same name "avoid-personal-conflicts"
Warning: general constraint 0 and general constraint 1 have the same name "author-asistance"
Gurobi Optimizer version 9.1.1 build v9.1.1rc0 (win64)
Thread count: 4 physical cores, 8 logical processors, using up to 8 threads
Optimize a model with 2564 rows, 8529 columns and 13731 nonzeros
Model fingerprint: 0x57255a84
Model has 3279 quadratic constraints
Model has 6968 general constraints
Variable types: 0 continuous, 8529 integer (8528 binary)
Coefficient statistics:
  Matrix range     [1e+00, 1e+01]
  QMatrix range    [1e+00, 1e+00]
  Objective range  [1e+00, 1e+00]
  Bounds range     [1e+00, 1e+00]
  RHS range        [1e+00, 2e+00]
  QRHS range       [1e+00, 1e+00]
Presolve added 358 rows and 0 columns
Presolve removed 0 rows and 4674 columns
Presolve time: 0.28s
Presolved: 91871 rows, 92125 columns, 366769 nonzeros
Variable types: 0 continuous, 92125 integer (92125 binary)
Found heuristic solution: objective 141.0000000

Root relaxation: objective 1.360000e+02, 1929 iterations, 0.18 seconds

    Nodes    |    Current Node    |     Objective Bounds      |     Work
 Expl Unexpl |  Obj  Depth IntInf | Incumbent    BestBd   Gap | It/Node Time

     0     0  136.00000    0  148  141.00000  136.00000  3.55%     -    2s
H    0     0                     136.0000000  136.00000  0.00%     -    2s
     0     0  136.00000    0  148  136.00000  136.00000  0.00%     -    2s

Explored 1 nodes (12071 simplex iterations) in 2.25 seconds
Thread count was 8 (of 8 available processors)

Solution count 2: 136 141 

Optimal solution found (tolerance 1.00e-04)
Best objective 1.360000000000e+02, best bound 1.360000000000e+02, gap 0.0000%

Gurobi 9.1.1 (win64) logging started Wed Jun 16 13:24:31 2021

Academic license - for non-commercial use only - expires 2021-08-11
Using license file C:\Users\Keleron\gurobi.lic
Using gurobi.env file
Set parameter LogFile to value file.log
Warning: linear constraint 0 and linear constraint 1 have the same name "Articulo-una-sola-vez"
Warning: quadratic constraint 0 and quadratic constraint 1 have the same name "avoid-personal-conflicts"
Warning: general constraint 0 and general constraint 1 have the same name "author-asistance"
Gurobi Optimizer version 9.1.1 build v9.1.1rc0 (win64)
Thread count: 4 physical cores, 8 logical processors, using up to 8 threads
Optimize a model with 2571 rows, 8711 columns and 14445 nonzeros
Model fingerprint: 0xb2cd10bd
Model has 3799 quadratic constraints
Model has 7332 general constraints
Variable types: 0 continuous, 8711 integer (8710 binary)
Coefficient statistics:
  Matrix range     [1e+00, 1e+01]
  QMatrix range    [1e+00, 1e+00]
  Objective range  [1e+00, 1e+00]
  Bounds range     [1e+00, 1e+00]
  RHS range        [1e+00, 2e+00]
  QRHS range       [1e+00, 1e+00]
Presolve added 722 rows and 0 columns
Presolve removed 0 rows and 4674 columns
Presolve time: 0.29s
Presolved: 109896 rows, 109961 columns, 439718 nonzeros
Variable types: 0 continuous, 109961 integer (109961 binary)

Root relaxation: objective 1.220000e+02, 2032 iterations, 0.23 seconds

    Nodes    |    Current Node    |     Objective Bounds      |     Work
 Expl Unexpl |  Obj  Depth IntInf | Incumbent    BestBd   Gap | It/Node Time

     0     0  122.00000    0  175          -  122.00000      -     -    1s
H    0     0                     137.0000000  122.00000  10.9%     -    1s
H    0     0                     122.0000000  122.00000  0.00%     -    1s
     0     0  122.00000    0  175  122.00000  122.00000  0.00%     -    1s

Explored 1 nodes (6144 simplex iterations) in 1.97 seconds
Thread count was 8 (of 8 available processors)

Solution count 2: 122 137 

Optimal solution found (tolerance 1.00e-04)
Best objective 1.220000000000e+02, best bound 1.220000000000e+02, gap 0.0000%

Gurobi 9.1.1 (win64) logging started Fri Jun 18 19:06:30 2021

Academic license - for non-commercial use only - expires 2021-08-11
Using license file C:\Users\Keleron\gurobi.lic
Using gurobi.env file
Set parameter LogFile to value file.log
Gurobi Optimizer version 9.1.1 build v9.1.1rc0 (win64)
Thread count: 4 physical cores, 8 logical processors, using up to 8 threads
Optimize a model with 5221 rows, 14565 columns and 32843 nonzeros
Model fingerprint: 0x7ff871bc
Model has 45110 quadratic constraints
Model has 14256 general constraints
Variable types: 0 continuous, 14565 integer (14564 binary)
Coefficient statistics:
  Matrix range     [1e+00, 2e+01]
  QMatrix range    [1e+00, 1e+00]
  Objective range  [1e+00, 1e+00]
  Bounds range     [1e+00, 1e+00]
  RHS range        [1e+00, 3e+00]
  QRHS range       [1e+00, 1e+00]
Presolve added 6011 rows and 0 columns
Presolve removed 0 rows and 4808 columns
Presolve time: 1.94s
Presolved: 499362 rows, 496777 columns, 2036537 nonzeros
Variable types: 0 continuous, 496777 integer (496777 binary)
Found heuristic solution: objective 255.0000000

Deterministic concurrent LP optimizer: primal and dual simplex
Showing first log only...


Root simplex log...

Iteration    Objective       Primal Inf.    Dual Inf.      Time
       0    0.0000000e+00   6.100000e+01   4.418972e+09      6s
Concurrent spin time: 0.06s

Solved with dual simplex

Root relaxation: objective 1.470000e+02, 3933 iterations, 1.26 seconds
Total elapsed time = 6.65s

    Nodes    |    Current Node    |     Objective Bounds      |     Work
 Expl Unexpl |  Obj  Depth IntInf | Incumbent    BestBd   Gap | It/Node Time

H    0     0                     147.0000000    0.00000   100%     -    8s
     0     0          -    0       147.00000  147.00000  0.00%     -    8s

Explored 1 nodes (12204 simplex iterations) in 8.62 seconds
Thread count was 8 (of 8 available processors)

Solution count 2: 147 255 

Optimal solution found (tolerance 1.00e-04)
Best objective 1.470000000000e+02, best bound 1.470000000000e+02, gap 0.0000%
Warning: linear constraint 0 and linear constraint 1 have the same name "Articulo-una-sola-vez"
Warning: quadratic constraint 0 and quadratic constraint 1 have the same name "avoid-personal-conflicts"
Warning: general constraint 0 and general constraint 1 have the same name "author-asistance"

Gurobi 9.1.1 (win64) logging started Fri Jun 18 19:11:07 2021

Academic license - for non-commercial use only - expires 2021-08-11
Using license file C:\Users\Keleron\gurobi.lic
Using gurobi.env file
Set parameter LogFile to value file.log
Gurobi Optimizer version 9.1.1 build v9.1.1rc0 (win64)
Thread count: 4 physical cores, 8 logical processors, using up to 8 threads
Optimize a model with 5221 rows, 14565 columns and 32843 nonzeros
Model fingerprint: 0x7ff871bc
Model has 45110 quadratic constraints
Model has 14256 general constraints
Variable types: 0 continuous, 14565 integer (14564 binary)
Coefficient statistics:
  Matrix range     [1e+00, 2e+01]
  QMatrix range    [1e+00, 1e+00]
  Objective range  [1e+00, 1e+00]
  Bounds range     [1e+00, 1e+00]
  RHS range        [1e+00, 3e+00]
  QRHS range       [1e+00, 1e+00]
Presolve added 6011 rows and 0 columns
Presolve removed 0 rows and 4808 columns
Presolve time: 1.52s
Presolved: 499362 rows, 496777 columns, 2036537 nonzeros
Variable types: 0 continuous, 496777 integer (496777 binary)
Found heuristic solution: objective 255.0000000

Deterministic concurrent LP optimizer: primal and dual simplex
Showing first log only...


Root simplex log...

Iteration    Objective       Primal Inf.    Dual Inf.      Time
       0    0.0000000e+00   6.100000e+01   4.418972e+09      5s
Concurrent spin time: 0.07s

Solved with dual simplex

Root relaxation: objective 1.470000e+02, 3933 iterations, 1.23 seconds
Total elapsed time = 6.07s

    Nodes    |    Current Node    |     Objective Bounds      |     Work
 Expl Unexpl |  Obj  Depth IntInf | Incumbent    BestBd   Gap | It/Node Time

H    0     0                     147.0000000    0.00000   100%     -    7s
     0     0          -    0       147.00000  147.00000  0.00%     -    7s

Explored 1 nodes (12204 simplex iterations) in 8.05 seconds
Thread count was 8 (of 8 available processors)

Solution count 2: 147 255 

Optimal solution found (tolerance 1.00e-04)
Best objective 1.470000000000e+02, best bound 1.470000000000e+02, gap 0.0000%
Warning: linear constraint 0 and linear constraint 1 have the same name "Articulo-una-sola-vez"
Warning: quadratic constraint 0 and quadratic constraint 1 have the same name "avoid-personal-conflicts"
Warning: general constraint 0 and general constraint 1 have the same name "author-asistance"

Gurobi 9.1.1 (win64) logging started Fri Jun 18 19:11:44 2021

Academic license - for non-commercial use only - expires 2021-08-11
Using license file C:\Users\Keleron\gurobi.lic
Using gurobi.env file
Set parameter LogFile to value file.log
Gurobi Optimizer version 9.1.1 build v9.1.1rc0 (win64)
Thread count: 4 physical cores, 8 logical processors, using up to 8 threads
Optimize a model with 5221 rows, 14565 columns and 32843 nonzeros
Model fingerprint: 0x7ff871bc
Model has 45110 quadratic constraints
Model has 14256 general constraints
Variable types: 0 continuous, 14565 integer (14564 binary)
Coefficient statistics:
  Matrix range     [1e+00, 2e+01]
  QMatrix range    [1e+00, 1e+00]
  Objective range  [1e+00, 1e+00]
  Bounds range     [1e+00, 1e+00]
  RHS range        [1e+00, 3e+00]
  QRHS range       [1e+00, 1e+00]
Presolve added 6011 rows and 0 columns
Presolve removed 0 rows and 4808 columns
Presolve time: 1.51s
Presolved: 499362 rows, 496777 columns, 2036537 nonzeros
Variable types: 0 continuous, 496777 integer (496777 binary)
Found heuristic solution: objective 255.0000000

Deterministic concurrent LP optimizer: primal and dual simplex
Showing first log only...


Root simplex log...

Iteration    Objective       Primal Inf.    Dual Inf.      Time
    2780    5.5802438e+01   4.353259e+01   7.629156e+09      5s
Concurrent spin time: 0.07s

Solved with dual simplex

Root relaxation: objective 1.470000e+02, 3933 iterations, 1.24 seconds
Total elapsed time = 6.04s

    Nodes    |    Current Node    |     Objective Bounds      |     Work
 Expl Unexpl |  Obj  Depth IntInf | Incumbent    BestBd   Gap | It/Node Time

H    0     0                     147.0000000    0.00000   100%     -    7s
     0     0          -    0       147.00000  147.00000  0.00%     -    7s

Explored 1 nodes (12204 simplex iterations) in 8.02 seconds
Thread count was 8 (of 8 available processors)

Solution count 2: 147 255 

Optimal solution found (tolerance 1.00e-04)
Best objective 1.470000000000e+02, best bound 1.470000000000e+02, gap 0.0000%
Warning: linear constraint 0 and linear constraint 1 have the same name "Articulo-una-sola-vez"
Warning: quadratic constraint 0 and quadratic constraint 1 have the same name "avoid-personal-conflicts"
Warning: general constraint 0 and general constraint 1 have the same name "author-asistance"

Gurobi 9.1.1 (win64) logging started Fri Jun 18 19:15:06 2021

Academic license - for non-commercial use only - expires 2021-08-11
Using license file C:\Users\Keleron\gurobi.lic
Using gurobi.env file
Set parameter LogFile to value file.log
Gurobi Optimizer version 9.1.1 build v9.1.1rc0 (win64)
Thread count: 4 physical cores, 8 logical processors, using up to 8 threads
Optimize a model with 5221 rows, 14565 columns and 32843 nonzeros
Model fingerprint: 0x7ff871bc
Model has 45110 quadratic constraints
Model has 14256 general constraints
Variable types: 0 continuous, 14565 integer (14564 binary)
Coefficient statistics:
  Matrix range     [1e+00, 2e+01]
  QMatrix range    [1e+00, 1e+00]
  Objective range  [1e+00, 1e+00]
  Bounds range     [1e+00, 1e+00]
  RHS range        [1e+00, 3e+00]
  QRHS range       [1e+00, 1e+00]
Presolve added 6011 rows and 0 columns
Presolve removed 0 rows and 4808 columns
Presolve time: 1.52s
Presolved: 499362 rows, 496777 columns, 2036537 nonzeros
Variable types: 0 continuous, 496777 integer (496777 binary)
Found heuristic solution: objective 255.0000000

Deterministic concurrent LP optimizer: primal and dual simplex
Showing first log only...


Root simplex log...

Iteration    Objective       Primal Inf.    Dual Inf.      Time
    2780    5.5802438e+01   4.353259e+01   7.629156e+09      5s
Concurrent spin time: 0.08s

Solved with dual simplex

Root relaxation: objective 1.470000e+02, 3933 iterations, 1.23 seconds
Total elapsed time = 6.05s

    Nodes    |    Current Node    |     Objective Bounds      |     Work
 Expl Unexpl |  Obj  Depth IntInf | Incumbent    BestBd   Gap | It/Node Time

H    0     0                     147.0000000    0.00000   100%     -    7s
     0     0          -    0       147.00000  147.00000  0.00%     -    7s

Explored 1 nodes (12204 simplex iterations) in 8.03 seconds
Thread count was 8 (of 8 available processors)

Solution count 2: 147 255 

Optimal solution found (tolerance 1.00e-04)
Best objective 1.470000000000e+02, best bound 1.470000000000e+02, gap 0.0000%
Warning: linear constraint 0 and linear constraint 1 have the same name "Articulo-una-sola-vez"
Warning: quadratic constraint 0 and quadratic constraint 1 have the same name "avoid-personal-conflicts"
Warning: general constraint 0 and general constraint 1 have the same name "author-asistance"

Gurobi 9.1.1 (win64) logging started Fri Jun 18 19:16:31 2021

Academic license - for non-commercial use only - expires 2021-08-11
Using license file C:\Users\Keleron\gurobi.lic
Using gurobi.env file
Set parameter LogFile to value file.log
Gurobi Optimizer version 9.1.1 build v9.1.1rc0 (win64)
Thread count: 4 physical cores, 8 logical processors, using up to 8 threads
Optimize a model with 5221 rows, 14565 columns and 32843 nonzeros
Model fingerprint: 0x7ff871bc
Model has 45110 quadratic constraints
Model has 14256 general constraints
Variable types: 0 continuous, 14565 integer (14564 binary)
Coefficient statistics:
  Matrix range     [1e+00, 2e+01]
  QMatrix range    [1e+00, 1e+00]
  Objective range  [1e+00, 1e+00]
  Bounds range     [1e+00, 1e+00]
  RHS range        [1e+00, 3e+00]
  QRHS range       [1e+00, 1e+00]
Presolve added 6011 rows and 0 columns
Presolve removed 0 rows and 4808 columns
Presolve time: 1.51s
Presolved: 499362 rows, 496777 columns, 2036537 nonzeros
Variable types: 0 continuous, 496777 integer (496777 binary)
Found heuristic solution: objective 255.0000000

Deterministic concurrent LP optimizer: primal and dual simplex
Showing first log only...


Root simplex log...

Iteration    Objective       Primal Inf.    Dual Inf.      Time
    3652    1.4443621e+02   2.770268e+01   1.979399e+10      5s
Concurrent spin time: 0.07s

Solved with dual simplex

Root relaxation: objective 1.470000e+02, 3933 iterations, 1.25 seconds
Total elapsed time = 6.01s

    Nodes    |    Current Node    |     Objective Bounds      |     Work
 Expl Unexpl |  Obj  Depth IntInf | Incumbent    BestBd   Gap | It/Node Time

H    0     0                     147.0000000    0.00000   100%     -    7s
     0     0          -    0       147.00000  147.00000  0.00%     -    7s

Explored 1 nodes (12204 simplex iterations) in 8.00 seconds
Thread count was 8 (of 8 available processors)

Solution count 2: 147 255 

Optimal solution found (tolerance 1.00e-04)
Best objective 1.470000000000e+02, best bound 1.470000000000e+02, gap 0.0000%
Warning: linear constraint 0 and linear constraint 1 have the same name "Articulo-una-sola-vez"
Warning: quadratic constraint 0 and quadratic constraint 1 have the same name "avoid-personal-conflicts"
Warning: general constraint 0 and general constraint 1 have the same name "author-asistance"
