A30-P25-R4-B4-L4-T4-C0.1.cs2;15.0;15.0;0.0;0.93;OPTIMAL;
A173-P130-R5-B8-L5-T14-C0.1.cs2;134.0;134.0;0.0;1918.86;OPTIMAL;
A173-P130-R9-B6-L4-T14-C0.2.cs;;;;115.6; INFEASIBLE
A173-P130-R9-B6-L4-T14-C0.1.cs;65.0;65.0;0.0;2915;OPTIMAL
A173-P130-R9-B6-L4-T14-C0.2.cs;;;;119.49; INFEASIBLE
A173-P130-R9-B6-L4-T14-C0.2.cs;;;;113.19; INFEASIBLE
A173-P130-R9-B6-L4-T14-C0.2.cs;;;;109.49; INFEASIBLE
A173-P130-R9-B6-L4-T14-C0.2.cs;;;;106.24; INFEASIBLE
A173-P150-R9-B6-L4-T14-C0.1.cs;22.0;22.0;0.0;1186;OPTIMAL
A173-P150-R9-B6-L4-T14-C0.2.cs;21.0;21.0;0.0;2521;OPTIMAL
A173-P170-R9-B6-L4-T14-C0.1.cs;;;;3600.29; TIME
A173-P170-R9-B6-L4-T14-C0.2.cs;44.0;44.0;0.0;2983;OPTIMAL
A173-P170-R9-B6-L4-T14-C0.3.cs;;;;1032.58; INFEASIBLE
A173-P130-R6-B9-L4-T14-C0.2.cs;33.0;33.0;0.0;1381;OPTIMAL
A173-P170-R6-B7-L5-T14-C0.1.cs;21.0;21.0;0.0;1450;OPTIMAL
A173-P130-R5-B8-L5-T14-C0.1.cs;134.0;134.0;0.0;2094;OPTIMAL
A173-P130-R5-B8-L5-T14-C0.2.cs;21.0;21.0;0.0;431;OPTIMAL
A173-P130-R9-B6-L4-T14-C0.3.cs;;;;3600.54; TIME
A173-P150-R9-B6-L4-T14-C0.3.cs;;;;852.45; INFEASIBLE
A173-P130-R6-B7-L5-T14-C0.1.cs;5.0;5.0;0.0;326;OPTIMAL


A173-P130-R6-B7-L5-T14-C0.2.cs;15.0;15.0;0.0;2165;OPTIMAL


A173-P150-R5-B8-L5-T14-C0.2.cs;52.0;52.0;0.0;633;OPTIMAL

A173-P150-R7-B6-L5-T14-C0.1.cs;15.0;15.0;0.0;1111;OPTIMAL


A173-P170-R6-B9-L4-T14-C0.2.cs;176.0;175.0000000000203;0.00568181818170288;3601;TIME
