  Article.cpp
  Memoria3.cpp
C:\Users\Keleron\source\repos\Memoria3\Memoria3\Person.h(3,10): warning C4067: unexpected tokens following preprocessor directive - expected a newline
  Person.cpp
C:\Users\Keleron\source\repos\Memoria3\Memoria3\Person.h(3,10): warning C4067: unexpected tokens following preprocessor directive - expected a newline
  Room.cpp
  Session.cpp
  Solver.cpp
C:\Users\Keleron\source\repos\Memoria3\Memoria3\Person.h(3,10): warning C4067: unexpected tokens following preprocessor directive - expected a newline
C:\Users\Keleron\source\repos\Memoria3\Memoria3\Solver.cpp(25,23): warning C4018: '<': signed/unsigned mismatch
C:\Users\Keleron\source\repos\Memoria3\Memoria3\Solver.cpp(40,23): warning C4018: '<': signed/unsigned mismatch
C:\Users\Keleron\source\repos\Memoria3\Memoria3\Solver.cpp(54,23): warning C4018: '<': signed/unsigned mismatch
C:\Users\Keleron\source\repos\Memoria3\Memoria3\Solver.cpp(60,23): warning C4018: '<': signed/unsigned mismatch
C:\Users\Keleron\source\repos\Memoria3\Memoria3\Solver.cpp(73,23): warning C4018: '<': signed/unsigned mismatch
C:\Users\Keleron\source\repos\Memoria3\Memoria3\Solver.cpp(74,23): warning C4018: '<': signed/unsigned mismatch
C:\Users\Keleron\source\repos\Memoria3\Memoria3\Solver.cpp(75,23): warning C4018: '<': signed/unsigned mismatch
C:\Users\Keleron\source\repos\Memoria3\Memoria3\Solver.cpp(93,9): warning C4244: 'initializing': conversion from 'float' to 'int', possible loss of data
C:\Users\Keleron\source\repos\Memoria3\Memoria3\Solver.cpp(95,23): warning C4018: '<': signed/unsigned mismatch
  Track.cpp
  Generating Code...
  Memoria3.vcxproj -> C:\Users\Keleron\source\repos\Memoria3\Debug\Memoria3.exe
