c:\users\keleron\source\repos\memoria3\memoria3\x64\debug\vc142.pdb
c:\users\keleron\source\repos\memoria3\memoria3\x64\debug\vc142.idb
c:\users\keleron\source\repos\memoria3\memoria3\x64\debug\track.obj
c:\users\keleron\source\repos\memoria3\memoria3\x64\debug\solver.obj
c:\users\keleron\source\repos\memoria3\memoria3\x64\debug\session.obj
c:\users\keleron\source\repos\memoria3\memoria3\x64\debug\room.obj
c:\users\keleron\source\repos\memoria3\memoria3\x64\debug\person.obj
c:\users\keleron\source\repos\memoria3\memoria3\x64\debug\main.obj
c:\users\keleron\source\repos\memoria3\memoria3\x64\debug\article.obj
c:\users\keleron\source\repos\memoria3\memoria3\x64\debug\utils.obj
c:\users\keleron\desktop\memoria\code++\memoria3\x64\debug\vc142.pdb
c:\users\keleron\desktop\memoria\code++\memoria3\x64\debug\vc142.idb
c:\users\keleron\desktop\memoria\code++\memoria3\x64\debug\utils.obj
c:\users\keleron\desktop\memoria\code++\memoria3\x64\debug\track.obj
c:\users\keleron\desktop\memoria\code++\memoria3\x64\debug\solver.obj
c:\users\keleron\desktop\memoria\code++\memoria3\x64\debug\session.obj
c:\users\keleron\desktop\memoria\code++\memoria3\x64\debug\room.obj
c:\users\keleron\desktop\memoria\code++\memoria3\x64\debug\person.obj
c:\users\keleron\desktop\memoria\code++\memoria3\x64\debug\main.obj
c:\users\keleron\desktop\memoria\code++\memoria3\x64\debug\article.obj
c:\users\keleron\source\repos\memoria3\x64\debug\main.exe
c:\users\keleron\source\repos\memoria3\x64\debug\main.ilk
c:\users\keleron\source\repos\memoria3\x64\debug\main.pdb
c:\users\keleron\desktop\memoria\code++\x64\debug\main.exe
c:\users\keleron\desktop\memoria\code++\x64\debug\main.ilk
c:\users\keleron\desktop\memoria\code++\x64\debug\main.pdb
c:\users\keleron\source\repos\memoria3\memoria3\x64\debug\main.res
c:\users\keleron\desktop\memoria\code++\memoria3\x64\debug\main.res
c:\users\keleron\desktop\memoria\code++\memoria3\x64\debug\article.obj.enc
c:\users\keleron\desktop\memoria\code++\memoria3\x64\debug\main.obj.enc
c:\users\keleron\desktop\memoria\code++\memoria3\x64\debug\session.obj.enc
c:\users\keleron\desktop\memoria\code++\memoria3\x64\debug\track.obj.enc
c:\users\keleron\desktop\memoria\code++\memoria3\x64\debug\main.tlog\cl.command.1.tlog
c:\users\keleron\desktop\memoria\code++\memoria3\x64\debug\main.tlog\cl.read.1.tlog
c:\users\keleron\desktop\memoria\code++\memoria3\x64\debug\main.tlog\cl.write.1.tlog
c:\users\keleron\desktop\memoria\code++\memoria3\x64\debug\main.tlog\link.command.1.tlog
c:\users\keleron\desktop\memoria\code++\memoria3\x64\debug\main.tlog\link.read.1.tlog
c:\users\keleron\desktop\memoria\code++\memoria3\x64\debug\main.tlog\link.write.1.tlog
c:\users\keleron\desktop\memoria\code++\memoria3\x64\debug\main.tlog\rc.command.1.tlog
c:\users\keleron\desktop\memoria\code++\memoria3\x64\debug\main.tlog\rc.read.1.tlog
c:\users\keleron\desktop\memoria\code++\memoria3\x64\debug\main.tlog\rc.write.1.tlog
