  Article.cpp
  main.cpp
C:\Users\Keleron\Desktop\memoria\code++\Memoria3\main.cpp(16,23): warning C4305: '=': truncation from 'double' to 'float'
C:\Users\Keleron\Desktop\memoria\code++\Memoria3\main.cpp(71,19): warning C4244: 'argument': conversion from 'time_t' to 'unsigned int', possible loss of data
  Person.cpp
  Room.cpp
  Session.cpp
C:\Users\Keleron\Desktop\memoria\code++\Memoria3\Session.cpp(26,47): warning C4267: 'initializing': conversion from 'size_t' to 'int', possible loss of data
  Solver.cpp
C:\Users\Keleron\Desktop\memoria\code++\Memoria3\Solver.cpp(143,13): warning C4244: 'initializing': conversion from 'int' to 'float', possible loss of data
C:\Users\Keleron\Desktop\memoria\code++\Memoria3\Solver.cpp(185,90): warning C4267: 'argument': conversion from 'size_t' to 'int', possible loss of data
C:\Users\Keleron\Desktop\memoria\code++\Memoria3\Solver.cpp(206,98): warning C4267: 'argument': conversion from 'size_t' to 'int', possible loss of data
C:\Users\Keleron\Desktop\memoria\code++\Memoria3\Solver.cpp(225,48): warning C4267: 'argument': conversion from 'size_t' to 'int', possible loss of data
C:\Users\Keleron\Desktop\memoria\code++\Memoria3\Solver.cpp(226,48): warning C4267: 'argument': conversion from 'size_t' to 'int', possible loss of data
C:\Users\Keleron\Desktop\memoria\code++\Memoria3\Solver.cpp(227,61): warning C4267: 'argument': conversion from 'size_t' to 'int', possible loss of data
  Track.cpp
  Utils.cpp
C:\Users\Keleron\Desktop\memoria\code++\Memoria3\Utils.cpp(15,40): warning C4804: '*=': unsafe use of type 'bool' in operation
  Generating Code...
  Memoria3.vcxproj -> C:\Users\Keleron\Desktop\memoria\code++\x64\Debug\Main.exe
